<?xml version="1.0" encoding="UTF-8"?>
<!-- Generated by org.testng.reporters.JUnitXMLReporter -->
<testsuite ignored="0" hostname="DESKTOP-CEMKQH4" failures="0" tests="3" name="Test" time="14.342" errors="0" timestamp="22 Nov 2022 08:51:14 GMT">
  <testcase classname="com.crm.qa.testcases.LoginPageTest" name="loginPageTitleTest" time="0.01"/>
  <testcase classname="com.crm.qa.testcases.LoginPageTest" name="login" time="0.54"/>
  <testcase classname="com.crm.qa.testcases.LoginPageTest" name="loginTest" time="6.736"/>
</testsuite> <!-- Test -->
