<?xml version="1.0" encoding="UTF-8"?>
<testng-results ignored="0" total="1" passed="1" failed="0" skipped="0">
  <reporter-output>
  </reporter-output>
  <suite started-at="2022-11-27T18:31:04Z" name="Default suite" finished-at="2022-11-27T18:32:30Z" duration-ms="85556">
    <groups>
    </groups>
    <test started-at="2022-11-27T18:31:04Z" name="Default test" finished-at="2022-11-27T18:32:30Z" duration-ms="85556">
      <class name="com.crm.qa.testcases.LoginPageTest">
        <test-method signature="LoginPageTest()[pri:1, instance:com.crm.qa.testcases.LoginPageTest@767e20cf]" started-at="2022-11-28T00:01:04Z" name="LoginPageTest" description="TC001_Validate creating new patient details" finished-at="2022-11-28T00:02:30Z" duration-ms="85523" status="PASS">
          <reporter-output>
          </reporter-output>
        </test-method> <!-- LoginPageTest -->
        <test-method is-config="true" signature="clearAll(org.testng.ITestResult)[pri:0, instance:com.crm.qa.testcases.LoginPageTest@767e20cf]" started-at="2022-11-28T00:02:30Z" name="clearAll" finished-at="2022-11-28T00:02:30Z" duration-ms="3" status="PASS">
          <params>
            <param index="0">
              <value>
                <![CDATA[[TestResult name=LoginPageTest status=SUCCESS method=LoginPageTest.LoginPageTest()[pri:1, instance:com.crm.qa.testcases.LoginPageTest@767e20cf] output={null}]]]>
              </value>
            </param>
          </params>
          <reporter-output>
          </reporter-output>
        </test-method> <!-- clearAll -->
        <test-method is-config="true" signature="tearDown()[pri:0, instance:com.crm.qa.testcases.LoginPageTest@767e20cf]" started-at="2022-11-28T00:02:30Z" name="tearDown" finished-at="2022-11-28T00:02:30Z" duration-ms="491" status="PASS">
          <reporter-output>
          </reporter-output>
        </test-method> <!-- tearDown -->
      </class> <!-- com.crm.qa.testcases.LoginPageTest -->
    </test> <!-- Default test -->
  </suite> <!-- Default suite -->
</testng-results>
