<?xml version="1.0" encoding="UTF-8"?>
<testng-results ignored="0" total="1" passed="1" failed="0" skipped="0">
  <reporter-output>
  </reporter-output>
  <suite started-at="2023-03-16T05:48:32Z" name="Default suite" finished-at="2023-03-16T05:48:56Z" duration-ms="23426">
    <groups>
    </groups>
    <test started-at="2023-03-16T05:48:32Z" name="Default test" finished-at="2023-03-16T05:48:56Z" duration-ms="23426">
      <class name="com.crm.qa.testcases.LoginPageTest">
        <test-method signature="LoginPageTest()[pri:1, instance:com.crm.qa.testcases.LoginPageTest@10ded6a9]" started-at="2023-03-16T11:18:32Z" name="LoginPageTest" description="TC001_Validate creating new patient details" finished-at="2023-03-16T11:18:56Z" duration-ms="23415" status="PASS">
          <reporter-output>
          </reporter-output>
        </test-method> <!-- LoginPageTest -->
        <test-method is-config="true" signature="clearAll(org.testng.ITestResult)[pri:0, instance:com.crm.qa.testcases.LoginPageTest@10ded6a9]" started-at="2023-03-16T11:18:56Z" name="clearAll" finished-at="2023-03-16T11:18:56Z" duration-ms="0" status="PASS">
          <params>
            <param index="0">
              <value>
                <![CDATA[[TestResult name=LoginPageTest status=SUCCESS method=LoginPageTest.LoginPageTest()[pri:1, instance:com.crm.qa.testcases.LoginPageTest@10ded6a9] output={null}]]]>
              </value>
            </param>
          </params>
          <reporter-output>
          </reporter-output>
        </test-method> <!-- clearAll -->
        <test-method is-config="true" signature="tearDown()[pri:0, instance:com.crm.qa.testcases.LoginPageTest@10ded6a9]" started-at="2023-03-16T11:18:56Z" name="tearDown" finished-at="2023-03-16T11:18:56Z" duration-ms="519" status="PASS">
          <reporter-output>
          </reporter-output>
        </test-method> <!-- tearDown -->
      </class> <!-- com.crm.qa.testcases.LoginPageTest -->
    </test> <!-- Default test -->
  </suite> <!-- Default suite -->
</testng-results>
